30/08/2025 18:16:25	This log contains information about the import schema operation into project 'EFITDS_DB' on computer 'AROHI' by user 'Aru'.
30/08/2025 18:16:26	Import of database schema has started.
30/08/2025 18:16:37	Gathering database credentials
30/08/2025 18:16:37	Gathering database options
30/08/2025 18:16:37	Gathering generic database scoped configuration option
30/08/2025 18:16:37	Gathering users
30/08/2025 18:16:37	Gathering roles
30/08/2025 18:16:37	Gathering application roles
30/08/2025 18:16:37	Gathering role memberships
30/08/2025 18:16:37	Gathering filegroups
30/08/2025 18:16:37	Gathering full-text catalogs
30/08/2025 18:16:37	Gathering assemblies
30/08/2025 18:16:37	Gathering certificates
30/08/2025 18:16:37	Gathering asymmetric keys
30/08/2025 18:16:37	Gathering symmetric keys
30/08/2025 18:16:37	Gathering encrypted symmetric keys
30/08/2025 18:16:37	Gathering schemas
30/08/2025 18:16:37	Gathering XML schema collections
30/08/2025 18:16:37	Gathering user-defined data types
30/08/2025 18:16:37	Gathering user-defined types
30/08/2025 18:16:37	Gathering table types
30/08/2025 18:16:37	Gathering unique keys for table types
30/08/2025 18:16:37	Gathering primary keys for table types
30/08/2025 18:16:37	Gathering indexes for table types
30/08/2025 18:16:50	Gathering check constraints for table types
30/08/2025 18:16:50	Gathering default constraints for table types
30/08/2025 18:16:50	Gathering partition functions
30/08/2025 18:16:50	Gathering partition schemes
30/08/2025 18:16:50	Gathering functions
30/08/2025 18:16:50	Gathering encrypted functions
30/08/2025 18:16:50	Gathering aggregates
30/08/2025 18:16:50	Gathering procedures
30/08/2025 18:17:06	Gathering encrypted procedures
30/08/2025 18:17:06	Gathering tables
30/08/2025 18:17:37	Gathering primary keys
30/08/2025 18:17:37	Gathering unique constraints
30/08/2025 18:17:37	Gathering foreign keys
30/08/2025 18:17:37	Gathering default constraints
30/08/2025 18:17:37	Gathering check constraints
30/08/2025 18:17:37	Gathering views
30/08/2025 18:17:37	Gathering encrypted views
30/08/2025 18:17:37	Gathering indexes
30/08/2025 18:17:37	Gathering statistics
30/08/2025 18:17:37	Gathering full-text index stoplists
30/08/2025 18:17:37	Gathering search property lists
30/08/2025 18:17:37	Gathering search properties
30/08/2025 18:17:37	Gathering full-text indexes
30/08/2025 18:17:37	Gathering column store indexes
30/08/2025 18:17:37	Gathering spatial indexes
30/08/2025 18:17:37	Gathering XML indexes
30/08/2025 18:17:37	Gathering Selective XML indexes
30/08/2025 18:17:37	Gathering encrypted triggers
30/08/2025 18:17:37	Gathering triggers
30/08/2025 18:17:37	Gathering encrypted and clr ddl triggers
30/08/2025 18:18:03	Gathering ddl triggers
30/08/2025 18:18:03	Creating edge constraints
30/08/2025 18:18:03	Gathering synonyms
30/08/2025 18:18:03	Gathering defaults
30/08/2025 18:18:03	Gathering data constraint uddt bindings
30/08/2025 18:18:03	Gathering rules
30/08/2025 18:18:03	Gathering data constraint uddt bindings
30/08/2025 18:18:03	Gathering message types
30/08/2025 18:18:03	Gathering queues
30/08/2025 18:18:03	Gathering contracts
30/08/2025 18:18:03	Gathering services
30/08/2025 18:18:03	Gathering event notifications
30/08/2025 18:18:03	Gathering remote service bindings
30/08/2025 18:18:03	Gathering broker priorities
30/08/2025 18:18:03	Gathering signatures
30/08/2025 18:18:03	Gathering compression options
30/08/2025 18:18:03	Gathering sequence types
30/08/2025 18:18:03	Gathering security policies
30/08/2025 18:18:03	Gather column encryption keys
30/08/2025 18:18:03	Gathering column master keys
30/08/2025 18:18:03	Gathering external data sources
30/08/2025 18:18:03	Gathering external file formats
30/08/2025 18:18:03	Gathering external tables
30/08/2025 18:18:03	Gathering extended properties
30/08/2025 18:18:03	Gathering assemblies
30/08/2025 18:18:05	Scanning project for duplicate elements
30/08/2025 18:18:05	Finished duplicate element processing
30/08/2025 18:18:05	Finished importing database.
30/08/2025 18:18:05	A summary of the import was saved to the following location: D:\Projects\2.Working On\TDS_New\Desktop\EFITDSDB\EFITDS_DB\Import Schema Logs\EFITDS_DB_20250830124625.log
30/08/2025 18:18:05	Click Finish to continue...
